<?xml version="1.0" encoding="UTF-8"?>
<testng-results ignored="0" total="2" passed="2" failed="0" skipped="0">
  <reporter-output>
  </reporter-output>
  <suite started-at="2022-04-19T18:41:02 IST" name="Default suite" finished-at="2022-04-19T18:42:00 IST" duration-ms="57818">
    <groups>
    </groups>
    <test started-at="2022-04-19T18:41:02 IST" name="Default test" finished-at="2022-04-19T18:42:00 IST" duration-ms="57818">
      <class name="sample.TrelloTest">
        <test-method is-config="true" signature="setup()[pri:0, instance:sample.TrelloTest@201a4587]" started-at="2022-04-19T18:41:02 IST" name="setup" finished-at="2022-04-19T18:41:20 IST" duration-ms="17565" status="PASS">
          <reporter-output>
          </reporter-output>
        </test-method> <!-- setup -->
        <test-method signature="loginTest()[pri:1, instance:sample.TrelloTest@201a4587]" started-at="2022-04-19T18:41:20 IST" name="loginTest" finished-at="2022-04-19T18:41:54 IST" duration-ms="34123" status="PASS">
          <reporter-output>
          </reporter-output>
        </test-method> <!-- loginTest -->
        <test-method signature="logout()[pri:2, instance:sample.TrelloTest@201a4587]" started-at="2022-04-19T18:41:54 IST" name="logout" finished-at="2022-04-19T18:41:58 IST" duration-ms="4248" status="PASS">
          <reporter-output>
          </reporter-output>
        </test-method> <!-- logout -->
        <test-method is-config="true" signature="tearDown()[pri:0, instance:sample.TrelloTest@201a4587]" started-at="2022-04-19T18:41:58 IST" name="tearDown" finished-at="2022-04-19T18:42:00 IST" duration-ms="1799" status="PASS">
          <reporter-output>
          </reporter-output>
        </test-method> <!-- tearDown -->
      </class> <!-- sample.TrelloTest -->
    </test> <!-- Default test -->
  </suite> <!-- Default suite -->
</testng-results>
